<?xml version="1.0" encoding="utf-8"?><testsuites><testsuite name="pytest" errors="0" failures="0" skipped="0" tests="3" time="28.293" timestamp="2021-06-13T19:10:33.755425" hostname="YASWANTHs-MacBook-Pro.local"><testcase classname="test_HomePage.TestHomePage" name="test_formSubmission[getData0]" time="15.224" /><testcase classname="test_HomePage.TestHomePage" name="test_formSubmission[getData1]" time="0.967" /><testcase classname="test_e2e.TestOne" name="test_e2e" time="12.002" /></testsuite></testsuites>